Release 14.1 - xst P.15xf (nt64)
Copyright (c) 1995-2012 Xilinx, Inc.  All rights reserved.
--> Parameter TMPDIR set to xst/projnav.tmp


Total REAL time to Xst completion: 0.00 secs
Total CPU time to Xst completion: 0.12 secs
 
--> Parameter xsthdpdir set to xst


Total REAL time to Xst completion: 0.00 secs
Total CPU time to Xst completion: 0.12 secs
 
--> Reading design: CONT3_9.prj

TABLE OF CONTENTS
  1) Synthesis Options Summary
  2) HDL Parsing
  3) HDL Elaboration
  4) HDL Synthesis
       4.1) HDL Synthesis Report
  5) Advanced HDL Synthesis
       5.1) Advanced HDL Synthesis Report
  6) Low Level Synthesis
  7) Partition Report
  8) Design Summary
       8.1) Primitive and Black Box Usage
       8.2) Device utilization summary
       8.3) Partition Resource Summary
       8.4) Timing Report
            8.4.1) Clock Information
            8.4.2) Asynchronous Control Signals Information
            8.4.3) Timing Summary
            8.4.4) Timing Details
            8.4.5) Cross Clock Domains Report


=========================================================================
*                      Synthesis Options Summary                        *
=========================================================================
---- Source Parameters
Input File Name                    : "CONT3_9.prj"
Ignore Synthesis Constraint File   : NO

---- Target Parameters
Output File Name                   : "CONT3_9"
Output Format                      : NGC
Target Device                      : xc6slx16-3-csg324

---- Source Options
Top Module Name                    : CONT3_9
Automatic FSM Extraction           : YES
FSM Encoding Algorithm             : Auto
Safe Implementation                : No
FSM Style                          : LUT
RAM Extraction                     : Yes
RAM Style                          : Auto
ROM Extraction                     : Yes
Shift Register Extraction          : YES
ROM Style                          : Auto
Resource Sharing                   : YES
Asynchronous To Synchronous        : NO
Shift Register Minimum Size        : 2
Use DSP Block                      : Auto
Automatic Register Balancing       : No

---- Target Options
LUT Combining                      : Auto
Reduce Control Sets                : Auto
Add IO Buffers                     : YES
Global Maximum Fanout              : 100000
Add Generic Clock Buffer(BUFG)     : 16
Register Duplication               : YES
Optimize Instantiated Primitives   : NO
Use Clock Enable                   : Auto
Use Synchronous Set                : Auto
Use Synchronous Reset              : Auto
Pack IO Registers into IOBs        : Auto
Equivalent register Removal        : YES

---- General Options
Optimization Goal                  : Speed
Optimization Effort                : 1
Power Reduction                    : NO
Keep Hierarchy                     : No
Netlist Hierarchy                  : As_Optimized
RTL Output                         : Yes
Global Optimization                : AllClockNets
Read Cores                         : YES
Write Timing Constraints           : NO
Cross Clock Analysis               : NO
Hierarchy Separator                : /
Bus Delimiter                      : <>
Case Specifier                     : Maintain
Slice Utilization Ratio            : 100
BRAM Utilization Ratio             : 100
DSP48 Utilization Ratio            : 100
Auto BRAM Packing                  : NO
Slice Utilization Ratio Delta      : 5

=========================================================================


=========================================================================
*                          HDL Parsing                                  *
=========================================================================
Parsing VHDL file "D:\HUHUHUHUHUHUHU\CONT3_9\CONT3_9\CONT3_9.vhd" into library work
Parsing entity <CONT3_9>.
Parsing architecture <Behavioral> of entity <cont3_9>.

=========================================================================
*                            HDL Elaboration                            *
=========================================================================

Elaborating entity <CONT3_9> (architecture <Behavioral>) from library <work>.

=========================================================================
*                           HDL Synthesis                               *
=========================================================================

Synthesizing Unit <CONT3_9>.
    Related source file is "D:\HUHUHUHUHUHUHU\CONT3_9\CONT3_9\CONT3_9.vhd".
    Found 26-bit register for signal <PROCESO2.PULSOS>.
    Found 3-bit register for signal <EDO_PRES>.
    Found finite state machine <FSM_0> for signal <EDO_PRES>.
    -----------------------------------------------------------------------
    | States             | 7                                              |
    | Transitions        | 28                                             |
    | Inputs             | 3                                              |
    | Outputs            | 4                                              |
    | Clock              | CLK (rising_edge)                              |
    | Reset              | RST_INV_3_o (positive)                         |
    | Reset type         | synchronous                                    |
    | Reset State        | d0                                             |
    | Power Up State     | d0                                             |
    | Encoding           | auto                                           |
    | Implementation     | LUT                                            |
    -----------------------------------------------------------------------
    Found 26-bit subtractor for signal <GND_3_o_GND_3_o_sub_18_OUT<25:0>> created at line 127.
    Summary:
	inferred   1 Adder/Subtractor(s).
	inferred  26 D-type flip-flop(s).
	inferred   1 Finite State Machine(s).
Unit <CONT3_9> synthesized.

=========================================================================
HDL Synthesis Report

Macro Statistics
# Adders/Subtractors                                   : 1
 26-bit subtractor                                     : 1
# Registers                                            : 1
 26-bit register                                       : 1
# FSMs                                                 : 1

=========================================================================

=========================================================================
*                       Advanced HDL Synthesis                          *
=========================================================================


Synthesizing (advanced) Unit <CONT3_9>.
The following registers are absorbed into counter <PROCESO2.PULSOS>: 1 register on signal <PROCESO2.PULSOS>.
Unit <CONT3_9> synthesized (advanced).

=========================================================================
Advanced HDL Synthesis Report

Macro Statistics
# Counters                                             : 1
 26-bit down counter                                   : 1
# FSMs                                                 : 1

=========================================================================

=========================================================================
*                         Low Level Synthesis                           *
=========================================================================
Analyzing FSM <MFsm> for best encoding.
Optimizing FSM <FSM_0> on signal <EDO_PRES[1:3]> with user encoding.
-------------------
 State | Encoding
-------------------
 d0    | 000
 d1    | 001
 d2    | 010
 d3    | 011
 d4    | 100
 d5    | 101
 d6    | 110
-------------------

Optimizing unit <CONT3_9> ...

Mapping all equations...
Building and optimizing final netlist ...
Found area constraint ratio of 100 (+ 5) on block CONT3_9, actual ratio is 0.

Final Macro Processing ...

=========================================================================
Final Register Report

Macro Statistics
# Registers                                            : 29
 Flip-Flops                                            : 29

=========================================================================

=========================================================================
*                           Partition Report                            *
=========================================================================

Partition Implementation Status
-------------------------------

  No Partitions were found in this design.

-------------------------------

=========================================================================
*                            Design Summary                             *
=========================================================================

Top Level Output File Name         : CONT3_9.ngc

Primitive and Black Box Usage:
------------------------------
# BELS                             : 130
#      GND                         : 1
#      INV                         : 28
#      LUT1                        : 1
#      LUT2                        : 27
#      LUT3                        : 5
#      LUT4                        : 1
#      LUT6                        : 14
#      MUXCY                       : 25
#      MUXF7                       : 1
#      VCC                         : 1
#      XORCY                       : 26
# FlipFlops/Latches                : 29
#      FD                          : 26
#      FDR                         : 3
# Clock Buffers                    : 1
#      BUFGP                       : 1
# IO Buffers                       : 7
#      IBUF                        : 3
#      OBUF                        : 4

Device utilization summary:
---------------------------

Selected Device : 6slx16csg324-3 


Slice Logic Utilization: 
 Number of Slice Registers:              29  out of  18224     0%  
 Number of Slice LUTs:                   76  out of   9112     0%  
    Number used as Logic:                76  out of   9112     0%  

Slice Logic Distribution: 
 Number of LUT Flip Flop pairs used:     76
   Number with an unused Flip Flop:      47  out of     76    61%  
   Number with an unused LUT:             0  out of     76     0%  
   Number of fully used LUT-FF pairs:    29  out of     76    38%  
   Number of unique control sets:         2

IO Utilization: 
 Number of IOs:                           8
 Number of bonded IOBs:                   8  out of    232     3%  

Specific Feature Utilization:
 Number of BUFG/BUFGCTRLs:                1  out of     16     6%  

---------------------------
Partition Resource Summary:
---------------------------

  No Partitions were found in this design.

---------------------------


=========================================================================
Timing Report

NOTE: THESE TIMING NUMBERS ARE ONLY A SYNTHESIS ESTIMATE.
      FOR ACCURATE TIMING INFORMATION PLEASE REFER TO THE TRACE REPORT
      GENERATED AFTER PLACE-and-ROUTE.

Clock Information:
------------------
-----------------------------------+------------------------+-------+
Clock Signal                       | Clock buffer(FF name)  | Load  |
-----------------------------------+------------------------+-------+
CLK                                | BUFGP                  | 29    |
-----------------------------------+------------------------+-------+

Asynchronous Control Signals Information:
----------------------------------------
No asynchronous control signals found in this design

Timing Summary:
---------------
Speed Grade: -3

   Minimum period: 4.095ns (Maximum Frequency: 244.179MHz)
   Minimum input arrival time before clock: 4.112ns
   Maximum output required time after clock: 4.860ns
   Maximum combinational path delay: No path found

Timing Details:
---------------
All values displayed in nanoseconds (ns)

=========================================================================
Timing constraint: Default period analysis for Clock 'CLK'
  Clock period: 4.095ns (frequency: 244.179MHz)
  Total number of paths / destination ports: 1121 / 29
-------------------------------------------------------------------------
Delay:               4.095ns (Levels of Logic = 3)
  Source:            PROCESO2.PULSOS_9 (FF)
  Destination:       PROCESO2.PULSOS_2 (FF)
  Source Clock:      CLK rising
  Destination Clock: CLK rising

  Data Path: PROCESO2.PULSOS_9 to PROCESO2.PULSOS_2
                                Gate     Net
    Cell:in->out      fanout   Delay   Delay  Logical Name (Net Name)
    ----------------------------------------  ------------
     FD:C->Q               2   0.447   0.981  PROCESO2.PULSOS_9 (PROCESO2.PULSOS_9)
     LUT6:I0->O            7   0.203   1.021  GND_3_o_PROCESO2.PULSOS[25]_equal_17_o<25>1 (GND_3_o_PROCESO2.PULSOS[25]_equal_17_o<25>)
     LUT6:I2->O           13   0.203   0.933  Mcount_PROCESO2.PULSOS_val261 (Mcount_PROCESO2.PULSOS_val)
     LUT2:I1->O            1   0.205   0.000  PROCESO2.PULSOS_2_rstpot (PROCESO2.PULSOS_2_rstpot)
     FD:D                      0.102          PROCESO2.PULSOS_2
    ----------------------------------------
    Total                      4.095ns (1.160ns logic, 2.935ns route)
                                       (28.3% logic, 71.7% route)

=========================================================================
Timing constraint: Default OFFSET IN BEFORE for Clock 'CLK'
  Total number of paths / destination ports: 36 / 32
-------------------------------------------------------------------------
Offset:              4.112ns (Levels of Logic = 4)
  Source:            DOWN (PAD)
  Destination:       EDO_PRES_FSM_FFd2 (FF)
  Destination Clock: CLK rising

  Data Path: DOWN to EDO_PRES_FSM_FFd2
                                Gate     Net
    Cell:in->out      fanout   Delay   Delay  Logical Name (Net Name)
    ----------------------------------------  ------------
     IBUF:I->O             3   1.222   1.015  DOWN_IBUF (DOWN_IBUF)
     LUT6:I0->O            1   0.203   0.580  GND_3_o_PROCESO2.PULSOS[25]_equal_17_o<25>6_SW3_G (N19)
     LUT3:I2->O            1   0.205   0.580  GND_3_o_PROCESO2.PULSOS[25]_equal_17_o<25>6_SW31 (N9)
     LUT6:I5->O            1   0.205   0.000  EDO_PRES_FSM_FFd1-In1 (EDO_PRES_FSM_FFd1-In)
     FDR:D                     0.102          EDO_PRES_FSM_FFd1
    ----------------------------------------
    Total                      4.112ns (1.937ns logic, 2.175ns route)
                                       (47.1% logic, 52.9% route)

=========================================================================
Timing constraint: Default OFFSET OUT AFTER for Clock 'CLK'
  Total number of paths / destination ports: 9 / 4
-------------------------------------------------------------------------
Offset:              4.860ns (Levels of Logic = 2)
  Source:            EDO_PRES_FSM_FFd3 (FF)
  Destination:       SAL<2> (PAD)
  Source Clock:      CLK rising

  Data Path: EDO_PRES_FSM_FFd3 to SAL<2>
                                Gate     Net
    Cell:in->out      fanout   Delay   Delay  Logical Name (Net Name)
    ----------------------------------------  ------------
     FDR:C->Q              9   0.447   1.058  EDO_PRES_FSM_FFd3 (EDO_PRES_FSM_FFd3)
     LUT3:I0->O            1   0.205   0.579  EDO_PRES_SAL<2>1 (SAL_2_OBUF)
     OBUF:I->O                 2.571          SAL_2_OBUF (SAL<2>)
    ----------------------------------------
    Total                      4.860ns (3.223ns logic, 1.637ns route)
                                       (66.3% logic, 33.7% route)

=========================================================================

Cross Clock Domains Report:
--------------------------

Clock to Setup on destination clock CLK
---------------+---------+---------+---------+---------+
               | Src:Rise| Src:Fall| Src:Rise| Src:Fall|
Source Clock   |Dest:Rise|Dest:Rise|Dest:Fall|Dest:Fall|
---------------+---------+---------+---------+---------+
CLK            |    4.095|         |         |         |
---------------+---------+---------+---------+---------+

=========================================================================


Total REAL time to Xst completion: 7.00 secs
Total CPU time to Xst completion: 7.31 secs
 
--> 

Total memory usage is 4481880 kilobytes

Number of errors   :    0 (   0 filtered)
Number of warnings :    0 (   0 filtered)
Number of infos    :    0 (   0 filtered)

